<?xml version="1.0" encoding="UTF-8"?>
<!-- Generated by org.testng.reporters.JUnitXMLReporter -->
<testsuite hostname="WKWIN6186813" ignored="0" name="Default test" tests="2" failures="0" timestamp="21 Jun 2019 07:47:47 GMT" time="20.643" errors="0">
  <testcase name="invalidLoginTest_InvalidUserNameInvalidPassword" time="14.223" classname="tests.LoginTests"/>
  <testcase name="invalidLoginTest_EmptyUserEmptyPassword" time="3.241" classname="tests.LoginTests"/>
</testsuite> <!-- Default test -->
